<?xml version="1.0" encoding="UTF-8"?>
<!-- Generated by org.testng.reporters.JUnitReportReporter -->
<testsuite hostname="Syeds" failures="0" tests="1" name="TestNG.BrokenLinks" time="100.954" errors="0" timestamp="2022-03-22T17:50:33 IST" skipped="0">
  <testcase classname="TestNG.BrokenLinks" name="brokenlinks" time="100.954"/>
  <system-out/>
</testsuite> <!-- TestNG.BrokenLinks -->
