<?xml version="1.0" encoding="UTF-8"?>
<!-- Generated by org.testng.reporters.JUnitReportReporter -->
<testsuite hostname="Syeds" failures="0" tests="3" name="TestNG.DataProviderTest" time="0.013" errors="0" timestamp="2021-11-26T16:43:13 IST" skipped="0">
  <testcase classname="TestNG.DataProviderTest" name="getData" time="0.002"/>
  <system-out/>
  <testcase classname="TestNG.DataProviderTest" name="getData" time="0.001"/>
  <system-out/>
  <testcase classname="TestNG.DataProviderTest" name="getData" time="0.010"/>
  <system-out/>
</testsuite> <!-- TestNG.DataProviderTest -->
