<?xml version="1.0" encoding="UTF-8"?>
<!-- Generated by org.testng.reporters.JUnitReportReporter -->
<testsuite hostname="Syeds" failures="0" tests="1" name="CreateOpportunitywithSalesStageId.CreateOpportunitywithSalesStagePerceptionAnalysis" time="18.591" errors="0" timestamp="2021-11-15T16:34:36 IST" skipped="0">
  <testcase classname="CreateOpportunitywithSalesStageId.CreateOpportunitywithSalesStagePerceptionAnalysis" name="createOpportunitywithSalesStagePerceptionAnalysis" time="18.591"/>
  <system-out/>
</testsuite> <!-- CreateOpportunitywithSalesStageId.CreateOpportunitywithSalesStagePerceptionAnalysis -->
