<?xml version="1.0" encoding="UTF-8"?>
<!-- Generated by org.testng.reporters.JUnitReportReporter -->
<testsuite hostname="Syeds" failures="0" tests="2" name="TestNG.OrganisationModuleTest" time="67.088" errors="0" timestamp="2021-11-08T10:16:55 IST" skipped="0">
  <testcase classname="TestNG.OrganisationModuleTest" name="OrgWithIndustry" time="28.867"/>
  <system-out/>
  <testcase classname="TestNG.OrganisationModuleTest" name="createOrganisation" time="38.221"/>
  <system-out/>
</testsuite> <!-- TestNG.OrganisationModuleTest -->
