<?xml version="1.0" encoding="UTF-8"?>
<!-- Generated by org.testng.reporters.JUnitReportReporter -->
<testsuite hostname="Syeds" failures="0" tests="1" name="TestNG.createContactTest" time="22.149" errors="0" timestamp="2021-11-15T17:07:09 IST" skipped="0">
  <testcase classname="TestNG.createContactTest" name="CreateContact" time="22.149"/>
  <system-out/>
</testsuite> <!-- TestNG.createContactTest -->
