<?xml version="1.0" encoding="UTF-8"?>
<!-- Generated by org.testng.reporters.JUnitReportReporter -->
<testsuite hostname="Syeds" failures="0" tests="2" name="practiceTestng.Class3" time="0.010" errors="0" timestamp="2022-03-11T13:14:43 IST" skipped="1">
  <testcase classname="practiceTestng.Class3" name="class03" time="0.010"/>
  <system-out/>
  <testcase classname="practiceTestng.Class3" name="class3">
    <skipped/>
  </testcase> <!-- class3 -->
  <system-out/>
</testsuite> <!-- practiceTestng.Class3 -->
