<?xml version="1.0" encoding="UTF-8"?>
<!-- Generated by org.testng.reporters.JUnitReportReporter -->
<testsuite hostname="Syeds" failures="0" tests="1" name="DDT_prog.CreateCustomerTest" time="0.012" errors="0" timestamp="2021-11-10T11:04:03 IST" skipped="0">
  <testcase classname="DDT_prog.CreateCustomerTest" name="createCustomerTest" time="0.012"/>
  <system-out/>
</testsuite> <!-- DDT_prog.CreateCustomerTest -->
