<?xml version="1.0" encoding="UTF-8"?>
<!-- Generated by org.testng.reporters.JUnitReportReporter -->
<testsuite hostname="Syeds" failures="0" tests="1" name="CreateOpportunitywithSalesStageId.CreateOpportunitywithSalesStageClosedWonTest" time="20.807" errors="0" timestamp="2021-11-15T17:20:34 IST" skipped="0">
  <testcase classname="CreateOpportunitywithSalesStageId.CreateOpportunitywithSalesStageClosedWonTest" name="createOppurtunityWithSalesStageCloseWon" time="20.807"/>
  <system-out/>
</testsuite> <!-- CreateOpportunitywithSalesStageId.CreateOpportunitywithSalesStageClosedWonTest -->
