<?xml version="1.0" encoding="UTF-8"?>
<!-- Generated by org.testng.reporters.JUnitReportReporter -->
<testsuite hostname="Syeds" failures="0" tests="1" name="TestNG.CreateOrgnisationTest" time="20.702" errors="0" timestamp="2021-11-15T17:07:09 IST" skipped="0">
  <testcase classname="TestNG.CreateOrgnisationTest" name="createOrganisationTest" time="20.702"/>
  <system-out>
    <![CDATA[Organisation got Created Successfully
Verification got passed]]>
  </system-out>
</testsuite> <!-- TestNG.CreateOrgnisationTest -->
