<?xml version="1.0" encoding="UTF-8"?>
<!-- Generated by org.testng.reporters.JUnitReportReporter -->
<testsuite hostname="Syeds" failures="0" tests="1" name="practicePack.IccMatchesTest" time="17.107" errors="0" timestamp="2021-11-11T23:58:29 IST" skipped="0">
  <testcase classname="practicePack.IccMatchesTest" name="iccMatchesTest" time="17.107"/>
  <system-out/>
</testsuite> <!-- practicePack.IccMatchesTest -->
