<?xml version="1.0" encoding="UTF-8"?>
<!-- Generated by org.testng.reporters.JUnitReportReporter -->
<testsuite hostname="Syeds" failures="0" tests="3" name="TestNG.DataProviderTest" time="0.014" errors="0" timestamp="2021-11-03T11:14:27 IST" skipped="0">
  <testcase classname="TestNG.DataProviderTest" name="getData" time="0.002"/>
  <system-out/>
  <testcase classname="TestNG.DataProviderTest" name="getData" time="0.009"/>
  <system-out/>
  <testcase classname="TestNG.DataProviderTest" name="getData" time="0.003"/>
  <system-out/>
</testsuite> <!-- TestNG.DataProviderTest -->
