<?xml version="1.0" encoding="UTF-8"?>
<!-- Generated by org.testng.reporters.JUnitReportReporter -->
<testsuite hostname="Syeds" failures="0" tests="1" name="practiceTestng.Class1Test" time="0.002" errors="0" timestamp="2022-03-11T13:14:43 IST" skipped="0">
  <testcase classname="practiceTestng.Class1Test" name="class01Test" time="0.002"/>
  <system-out/>
</testsuite> <!-- practiceTestng.Class1Test -->
