<?xml version="1.0" encoding="UTF-8"?>
<!-- Generated by org.testng.reporters.JUnitReportReporter -->
<testsuite hostname="Syeds" failures="0" tests="1" name="JDBC_Prog.ExecuteQueryTest" time="0.638" errors="0" timestamp="2021-10-27T17:07:00 IST" skipped="0">
  <testcase classname="JDBC_Prog.ExecuteQueryTest" name="executeQueryTest" time="0.638"/>
  <system-out/>
</testsuite> <!-- JDBC_Prog.ExecuteQueryTest -->
