<?xml version="1.0" encoding="UTF-8"?>
<!-- Generated by org.testng.reporters.JUnitReportReporter -->
<testsuite hostname="Syeds" failures="0" tests="1" name="log4j.LoginTestLOG" time="13.103" errors="0" timestamp="2021-12-30T15:35:06 IST" skipped="0">
  <testcase classname="log4j.LoginTestLOG" name="loginTestlog" time="13.103"/>
  <system-out/>
</testsuite> <!-- log4j.LoginTestLOG -->
