<?xml version="1.0" encoding="UTF-8"?>
<!-- Generated by org.testng.reporters.JUnitReportReporter -->
<testsuite hostname="Syeds" failures="0" tests="1" name="DDT_prog.CreateUserTest" time="0.019" errors="0" timestamp="26 Oct 2021 11:12:49 GMT" skipped="0">
  <testcase classname="DDT_prog.CreateUserTest" name="createUserTest" time="0.019"/>
</testsuite> <!-- DDT_prog.CreateUserTest -->
