<?xml version="1.0" encoding="UTF-8"?>
<!-- Generated by org.testng.reporters.JUnitReportReporter -->
<testsuite hostname="Syeds" failures="0" tests="1" name="practicePack.MultipleCheckBoxSelect" time="44.289" errors="0" timestamp="2021-11-11T22:57:21 IST" skipped="0">
  <testcase classname="practicePack.MultipleCheckBoxSelect" name="multipleCheckBoxSelect" time="44.289"/>
  <system-out/>
</testsuite> <!-- practicePack.MultipleCheckBoxSelect -->
