<?xml version="1.0" encoding="UTF-8"?>
<!-- Generated by org.testng.reporters.JUnitReportReporter -->
<testsuite hostname="Syeds" failures="0" tests="2" name="TestNG.PracticeTestng" time="0.012" errors="0" timestamp="2021-11-01T12:26:11 IST" skipped="0">
  <testcase classname="TestNG.PracticeTestng" name="ModifyTheOrganisation" time="0.004"/>
  <system-out/>
  <testcase classname="TestNG.PracticeTestng" name="CreateOrganisation" time="0.008"/>
  <system-out/>
</testsuite> <!-- TestNG.PracticeTestng -->
