<?xml version="1.0" encoding="UTF-8"?>
<!-- Generated by org.testng.reporters.JUnitReportReporter -->
<testsuite hostname="Syeds" failures="0" tests="1" name="akhilPack.AlphaNumeric_NumAddition" time="0.012" errors="0" timestamp="2022-01-03T16:00:32 IST" skipped="0">
  <testcase classname="akhilPack.AlphaNumeric_NumAddition" name="alphaNumericAddition" time="0.012"/>
  <system-out/>
</testsuite> <!-- akhilPack.AlphaNumeric_NumAddition -->
