<?xml version="1.0" encoding="UTF-8"?>
<!-- Generated by org.testng.reporters.JUnitReportReporter -->
<testsuite hostname="Syeds" failures="0" tests="1" name="DDT_prog.ReadTheDataFromPropertiesFileTest" time="0.020" errors="0" timestamp="26 Oct 2021 11:12:25 GMT" skipped="0">
  <testcase classname="DDT_prog.ReadTheDataFromPropertiesFileTest" name="readDataFromPropFileTest" time="0.020"/>
</testsuite> <!-- DDT_prog.ReadTheDataFromPropertiesFileTest -->
