<?xml version="1.0" encoding="UTF-8"?>
<!-- Generated by org.testng.reporters.JUnitReportReporter -->
<testsuite hostname="Syeds" failures="0" tests="1" name="TestNG.CreateOrgnisationTest" time="17.493" errors="0" timestamp="2021-11-02T11:33:23 IST" skipped="0">
  <testcase classname="TestNG.CreateOrgnisationTest" name="createOrganisationTest" time="17.493"/>
  <system-out>
    <![CDATA[Organisation got Created Successfully
Verification got passed]]>
  </system-out>
</testsuite> <!-- TestNG.CreateOrgnisationTest -->
