<?xml version="1.0" encoding="UTF-8"?>
<!-- Generated by org.testng.reporters.JUnitReportReporter -->
<testsuite hostname="Syeds" failures="0" tests="1" name="akhilPack.SwappingProg" time="0.010" errors="0" timestamp="2021-12-15T15:46:35 IST" skipped="0">
  <testcase classname="akhilPack.SwappingProg" name="swappingProg" time="0.010"/>
  <system-out/>
</testsuite> <!-- akhilPack.SwappingProg -->
