<?xml version="1.0" encoding="UTF-8"?>
<!-- Generated by org.testng.reporters.JUnitReportReporter -->
<testsuite hostname="Syeds" failures="0" tests="1" name="akhilPack.RemoteWebDriverPrac" time="39.106" errors="0" timestamp="2021-11-19T16:40:26 IST" skipped="0">
  <testcase classname="akhilPack.RemoteWebDriverPrac" name="remoteEx" time="39.106"/>
  <system-out/>
</testsuite> <!-- akhilPack.RemoteWebDriverPrac -->
