<?xml version="1.0" encoding="UTF-8"?>
<!-- Generated by org.testng.reporters.JUnitReportReporter -->
<testsuite hostname="Syeds" failures="0" tests="1" name="TestNG.createContact" time="22.308" errors="0" timestamp="2021-11-02T17:32:11 IST" skipped="0">
  <testcase classname="TestNG.createContact" name="CreateContact" time="22.308"/>
  <system-out/>
</testsuite> <!-- TestNG.createContact -->
