<?xml version="1.0" encoding="UTF-8"?>
<!-- Generated by org.testng.reporters.JUnitReportReporter -->
<testsuite hostname="Syeds" failures="0" tests="2" name="TestNG.OrganisationModuleTest" time="62.774" errors="0" timestamp="2021-11-15T16:59:59 IST" skipped="0">
  <testcase classname="TestNG.OrganisationModuleTest" name="OrgWithIndustry" time="33.648"/>
  <system-out/>
  <testcase classname="TestNG.OrganisationModuleTest" name="createOrganisation" time="29.126"/>
  <system-out/>
</testsuite> <!-- TestNG.OrganisationModuleTest -->
