<?xml version="1.0" encoding="UTF-8"?>
<!-- Generated by org.testng.reporters.JUnitReportReporter -->
<testsuite hostname="Syeds" failures="0" tests="1" name="DDT_prog.ReadTheDataFromJsonFile" time="0.058" errors="0" timestamp="27 Oct 2021 09:16:03 GMT" skipped="0">
  <testcase classname="DDT_prog.ReadTheDataFromJsonFile" name="readTheDataFromJsonFile" time="0.058"/>
</testsuite> <!-- DDT_prog.ReadTheDataFromJsonFile -->
