<?xml version="1.0" encoding="UTF-8"?>
<!-- Generated by org.testng.reporters.JUnitReportReporter -->
<testsuite hostname="Syeds" failures="0" tests="1" name="practicePack.HighestSalaryfrmExcel" time="0.710" errors="0" timestamp="2021-11-11T12:24:10 IST" skipped="0">
  <testcase classname="practicePack.HighestSalaryfrmExcel" name="highestSalaryFromExcel" time="0.710"/>
  <system-out/>
</testsuite> <!-- practicePack.HighestSalaryfrmExcel -->
