<?xml version="1.0" encoding="UTF-8"?>
<!-- Generated by org.testng.reporters.JUnitReportReporter -->
<testsuite hostname="Syeds" failures="0" tests="2" name="practiceTestng.Class2" time="0.004" errors="0" timestamp="2022-03-11T13:14:43 IST" skipped="0">
  <testcase classname="practiceTestng.Class2" name="class02" time="0.002"/>
  <system-out/>
  <testcase classname="practiceTestng.Class2" name="class2" time="0.002"/>
  <system-out/>
</testsuite> <!-- practiceTestng.Class2 -->
