<?xml version="1.0" encoding="UTF-8"?>
<!-- Generated by org.testng.reporters.JUnitReportReporter -->
<testsuite hostname="Syeds" failures="0" tests="9" name="TestNG.PriorityFlagsPractice" time="0.024" errors="0" timestamp="2021-11-01T17:02:53 IST" skipped="1">
  <testcase classname="TestNG.PriorityFlagsPractice" name="loginNoor" time="0.002"/>
  <system-out/>
  <testcase classname="TestNG.PriorityFlagsPractice" name="loginNoor" time="0.002"/>
  <system-out/>
  <testcase classname="TestNG.PriorityFlagsPractice" name="loginNoor" time="0.002"/>
  <system-out/>
  <testcase classname="TestNG.PriorityFlagsPractice" name="loginNoor" time="0.003"/>
  <system-out/>
  <testcase classname="TestNG.PriorityFlagsPractice" name="loginNoor" time="0.002"/>
  <system-out/>
  <testcase classname="TestNG.PriorityFlagsPractice" name="loginNoor" time="0.001"/>
  <system-out/>
  <testcase classname="TestNG.PriorityFlagsPractice" name="noor" time="0.010"/>
  <system-out/>
  <testcase classname="TestNG.PriorityFlagsPractice" name="vali" time="0.002"/>
  <system-out/>
  <testcase classname="TestNG.PriorityFlagsPractice" name="Aakhil">
    <skipped/>
  </testcase> <!-- Aakhil -->
  <system-out/>
</testsuite> <!-- TestNG.PriorityFlagsPractice -->
