<?xml version="1.0" encoding="UTF-8"?>
<!-- Generated by org.testng.reporters.JUnitReportReporter -->
<testsuite hostname="Syeds" failures="0" tests="1" name="akhilPack.JavaProgPrac" time="0.012" errors="0" timestamp="2021-11-24T15:01:51 IST" skipped="0">
  <testcase classname="akhilPack.JavaProgPrac" name="javaProgprac" time="0.012"/>
  <system-out/>
</testsuite> <!-- akhilPack.JavaProgPrac -->
